/afs/crc.nd.edu/user/b/bcoggins/quast-5.0.2/quast.py -o ./trinity.quast Trinity.fasta

Version: 5.0.2, 0bb1dd1b

System information:
  OS: Linux-3.10.0-957.21.3.el7.x86_64-x86_64-with-redhat-7.6-Maipo (linux_64)
  Python version: 3.7.2
  CPUs number: 24

Started: 2019-07-13 01:12:24

Logging to /afs/crc.nd.edu/group/pfrenderlab/devries/branchiopod/unzippedfiles/Leptodorus_Tenderfoot/trimmed/combinedTrinity_out/trinity.quast/quast.log
NOTICE: Maximum number of threads is set to 6 (use --threads option to set it manually)

CWD: /afs/crc.nd.edu/group/pfrenderlab/devries/branchiopod/unzippedfiles/Leptodorus_Tenderfoot/trimmed/combinedTrinity_out
Main parameters: 
  MODE: default, threads: 6, minimum contig length: 500, minimum alignment length: 65, \
  ambiguity: one, threshold for extensive misassembly size: 1000

Contigs:
  Pre-processing...
  Trinity.fasta ==> Trinity

2019-07-13 01:12:29
Running Basic statistics processor...
  Contig files: 
    Trinity
  Calculating N50 and L50...
    Trinity, N50 = 2403, L50 = 5979, Total length = 43820619, GC % = 48.28, # N's per 100 kbp =  0.00
  Drawing Nx plot...
    saved to /afs/crc.nd.edu/group/pfrenderlab/devries/branchiopod/unzippedfiles/Leptodorus_Tenderfoot/trimmed/combinedTrinity_out/trinity.quast/basic_stats/Nx_plot.pdf
  Drawing cumulative plot...
    saved to /afs/crc.nd.edu/group/pfrenderlab/devries/branchiopod/unzippedfiles/Leptodorus_Tenderfoot/trimmed/combinedTrinity_out/trinity.quast/basic_stats/cumulative_plot.pdf
  Drawing GC content plot...
    saved to /afs/crc.nd.edu/group/pfrenderlab/devries/branchiopod/unzippedfiles/Leptodorus_Tenderfoot/trimmed/combinedTrinity_out/trinity.quast/basic_stats/GC_content_plot.pdf
  Drawing Trinity GC content plot...
    saved to /afs/crc.nd.edu/group/pfrenderlab/devries/branchiopod/unzippedfiles/Leptodorus_Tenderfoot/trimmed/combinedTrinity_out/trinity.quast/basic_stats/Trinity_GC_content_plot.pdf
Done.

NOTICE: Genes are not predicted by default. Use --gene-finding or --glimmer option to enable it.

2019-07-13 01:12:35
Creating large visual summaries...
This may take a while: press Ctrl-C to skip this step..
  1 of 2: Creating Icarus viewers...
  2 of 2: Creating PDF with all tables and plots...
Done

2019-07-13 01:12:37
RESULTS:
  Text versions of total report are saved to /afs/crc.nd.edu/group/pfrenderlab/devries/branchiopod/unzippedfiles/Leptodorus_Tenderfoot/trimmed/combinedTrinity_out/trinity.quast/report.txt, report.tsv, and report.tex
  Text versions of transposed total report are saved to /afs/crc.nd.edu/group/pfrenderlab/devries/branchiopod/unzippedfiles/Leptodorus_Tenderfoot/trimmed/combinedTrinity_out/trinity.quast/transposed_report.txt, transposed_report.tsv, and transposed_report.tex
  HTML version (interactive tables and plots) is saved to /afs/crc.nd.edu/group/pfrenderlab/devries/branchiopod/unzippedfiles/Leptodorus_Tenderfoot/trimmed/combinedTrinity_out/trinity.quast/report.html
  PDF version (tables and plots) is saved to /afs/crc.nd.edu/group/pfrenderlab/devries/branchiopod/unzippedfiles/Leptodorus_Tenderfoot/trimmed/combinedTrinity_out/trinity.quast/report.pdf
  Icarus (contig browser) is saved to /afs/crc.nd.edu/group/pfrenderlab/devries/branchiopod/unzippedfiles/Leptodorus_Tenderfoot/trimmed/combinedTrinity_out/trinity.quast/icarus.html
  Log is saved to /afs/crc.nd.edu/group/pfrenderlab/devries/branchiopod/unzippedfiles/Leptodorus_Tenderfoot/trimmed/combinedTrinity_out/trinity.quast/quast.log

Finished: 2019-07-13 01:12:37
Elapsed time: 0:00:13.794444
NOTICEs: 2; WARNINGs: 0; non-fatal ERRORs: 0

Thank you for using QUAST!
